[debug] [2024-12-01T16:01:38.111Z] ----------------------------------------------------------------------
[debug] [2024-12-01T16:01:38.113Z] Command:       C:\Program Files\nodejs\node.exe C:\Users\yesha\AppData\Roaming\npm\node_modules\firebase-tools\lib\bin\firebase.js init
[debug] [2024-12-01T16:01:38.113Z] CLI Version:   13.27.0
[debug] [2024-12-01T16:01:38.113Z] Platform:      win32
[debug] [2024-12-01T16:01:38.113Z] Node Version:  v22.11.0
[debug] [2024-12-01T16:01:38.113Z] Time:          Sun Dec 01 2024 21:31:38 GMT+0530 (India Standard Time)
[debug] [2024-12-01T16:01:38.113Z] ----------------------------------------------------------------------
[debug] 
[debug] [2024-12-01T16:01:38.118Z] > command requires scopes: ["email","openid","https://www.googleapis.com/auth/cloudplatformprojects.readonly","https://www.googleapis.com/auth/firebase","https://www.googleapis.com/auth/cloud-platform"]
[debug] [2024-12-01T16:01:38.118Z] > authorizing via signed-in user (yashu72704@gmail.com)
[info] 
     ######## #### ########  ######## ########     ###     ######  ########
     ##        ##  ##     ## ##       ##     ##  ##   ##  ##       ##
     ######    ##  ########  ######   ########  #########  ######  ######
     ##        ##  ##    ##  ##       ##     ## ##     ##       ## ##
     ##       #### ##     ## ######## ########  ##     ##  ######  ########

You're about to initialize a Firebase project in this directory:

  C:\Users\yesha\Desktop\newtest

[info] 
=== Project Setup
[info] 
[info] First, let's associate this project directory with a Firebase project.
[info] You can create multiple project aliases by running firebase use --add, 
[info] but for now we'll just set up a default project.
[info] 
[debug] [2024-12-01T16:04:03.641Z] Checked if tokens are valid: true, expires at: 1733072168047
[debug] [2024-12-01T16:04:03.641Z] Checked if tokens are valid: true, expires at: 1733072168047
[debug] [2024-12-01T16:04:03.642Z] >>> [apiv2][query] GET https://firebase.googleapis.com/v1beta1/projects pageSize=100
[debug] [2024-12-01T16:04:04.469Z] <<< [apiv2][status] GET https://firebase.googleapis.com/v1beta1/projects 200
[debug] [2024-12-01T16:04:04.469Z] <<< [apiv2][body] GET https://firebase.googleapis.com/v1beta1/projects [omitted]
[info] i  Using project digital-library-cab20 (Digital-library) 
[info] 
=== Hosting Setup
[debug] [2024-12-01T16:04:13.488Z] Checked if tokens are valid: true, expires at: 1733072168047
[debug] [2024-12-01T16:04:13.489Z] Checked if tokens are valid: true, expires at: 1733072168047
[debug] [2024-12-01T16:04:13.489Z] >>> [apiv2][query] GET https://firebase.googleapis.com/v1beta1/projects/digital-library-cab20 [none]
[debug] [2024-12-01T16:04:14.283Z] <<< [apiv2][status] GET https://firebase.googleapis.com/v1beta1/projects/digital-library-cab20 200
[debug] [2024-12-01T16:04:14.283Z] <<< [apiv2][body] GET https://firebase.googleapis.com/v1beta1/projects/digital-library-cab20 {"projectId":"digital-library-cab20","projectNumber":"241363341340","displayName":"Digital-library","name":"projects/digital-library-cab20","resources":{"hostingSite":"digital-library-cab20"},"state":"ACTIVE","etag":"1_3ebe9581-be52-4077-92b6-0dd00c341c56"}
[info] 
[info] Your public directory is the folder (relative to your project directory) that
[info] will contain Hosting assets to be uploaded with firebase deploy. If you
[info] have a build process for your assets, use your build's output directory.
[info] 
[debug] [2024-12-01T16:13:19.132Z] >>> [apiv2][query] GET https://www.gstatic.com/firebasejs/releases.json [none]
[debug] [2024-12-01T16:13:19.304Z] <<< [apiv2][status] GET https://www.gstatic.com/firebasejs/releases.json 200
[debug] [2024-12-01T16:13:19.304Z] <<< [apiv2][body] GET https://www.gstatic.com/firebasejs/releases.json {"current":{"version":"11.0.2","browserURL":"https://www.gstatic.com/firebasejs/11.0.2/firebase.js","packageURL":"https://www.gstatic.com/firebasejs/11.0.2/firebase.tgz"},"live":{"version":"11.0","browserURL":"https://www.gstatic.com/firebasejs/live/11.0/firebase.js","packageURL":"https://www.gstatic.com/firebasejs/live/11.0/firebase.tgz"},"components":{"analytics":"https://www.gstatic.com/firebasejs/11.0.2/firebase-analytics.js","app":"https://www.gstatic.com/firebasejs/11.0.2/firebase-app.js","app-check":"https://www.gstatic.com/firebasejs/11.0.2/firebase-app-check.js","auth":"https://www.gstatic.com/firebasejs/11.0.2/firebase-auth.js","auth/cordova":"https://www.gstatic.com/firebasejs/11.0.2/firebase-auth/cordova.js","auth/web-extension":"https://www.gstatic.com/firebasejs/11.0.2/firebase-auth/web-extension.js","functions":"https://www.gstatic.com/firebasejs/11.0.2/firebase-functions.js","firestore":"https://www.gstatic.com/firebasejs/11.0.2/firebase-firestore.js","firestore/lite":"https://www.gstatic.com/firebasejs/11.0.2/firebase-firestore/lite.js","installations":"https://www.gstatic.com/firebasejs/11.0.2/firebase-installations.js","storage":"https://www.gstatic.com/firebasejs/11.0.2/firebase-storage.js","performance":"https://www.gstatic.com/firebasejs/11.0.2/firebase-performance.js","remote-config":"https://www.gstatic.com/firebasejs/11.0.2/firebase-remote-config.js","messaging":"https://www.gstatic.com/firebasejs/11.0.2/firebase-messaging.js","messaging/sw":"https://www.gstatic.com/firebasejs/11.0.2/firebase-messaging/sw.js","database":"https://www.gstatic.com/firebasejs/11.0.2/firebase-database.js","vertexai":"https://www.gstatic.com/firebasejs/11.0.2/firebase-vertexai.js","data-connect":"https://www.gstatic.com/firebasejs/11.0.2/firebase-data-connect.js","firestore.memory":"https://www.gstatic.com/firebasejs/11.0.2/firebase-firestore.memory.js"}}
[info] +  Wrote digitallibrary/index.html 
[info] 
[info] i  Didn't detect a .git folder. Assuming C:\Users\yesha\Desktop\newtest is the project root. 
[info] i  Authorizing with GitHub to upload your service account to a GitHub repository's secrets store. 
[info] 
[info] Visit this URL on this device to log in:
[info] https://github.com/login/oauth/authorize?client_id=89cf50f02ac6aaed3484&state=145201510&redirect_uri=http%3A%2F%2Flocalhost%3A9005&scope=read%3Auser%20repo%20public_repo
[info] 
[info] Waiting for authentication...
